<?xml version="1.0" encoding="UTF-8"?>
<testsuite xmlns:xsi="http://www.w3.org/2001/XMLSchema-instance" xsi:noNamespaceSchemaLocation="https://maven.apache.org/surefire/maven-surefire-plugin/xsd/surefire-test-report.xsd" version="3.0.2" name="ShopServiceTest" time="0.041" tests="3" errors="0" skipped="0" failures="0">
  <properties>
[...]
</properties>
  <testcase name="componentAddedToInventoryAfterPurchase" classname="ShopServiceTest" time="0.018">
    <system-out><![CDATA[&amp#27;[1m
———————— МАГАЗИН КОМПОНЕНТОВ ————————&amp#27;[0m
Ваш бюджет: 1 000 000 руб.
Выбирайте компоненты по одному. 0 — пропустить категорию.
&amp#27;[1m
———— Двигатель ————&amp#27;[0m
 1. Lada Priora 16-кл.          | Перфоманс: 60 | Цена: 300 000 руб.
 2. BMW B48 Turbo               | Перфоманс: 80 | Цена: 600 000 руб.
 3. Porsche 9A2 Evo             | Перфоманс: 95 | Цена: 1 200 000 руб.
 0. Пропустить / Продолжить
Ваш выбор: Куплено: Lada Priora 16-кл. за 300 000 руб. | Бюджет: 700 000 руб.
 1. Купить ещё один
 0. Продолжить
Ваш выбор: Бюджет: 700 000 руб.
&amp#27;[1m
———— Трансмиссия ————&amp#27;[0m
 1. МКПП ВАЗ 2115 5-ст.         | Перфоманс: 55 | Цена: 150 000 руб.
 2. АКПП BMW ZF 8HP             | Перфоманс: 75 | Цена: 300 000 руб.
 3. AMT Porsche PDK             | Перфоманс: 90 | Цена: 600 000 руб.
 0. Пропустить / Продолжить
Ваш выбор: Бюджет: 700 000 руб.
&amp#27;[1m
———— Подвеска ————&amp#27;[0m
 1. Стандартная подвеска        | Перфоманс: 50 | Цена: 100 000 руб.
 2. Спортивная подвеска         | Перфоманс: 70 | Цена: 250 000 руб.
 3. Адаптивная подвеска         | Перфоманс: 88 | Цена: 500 000 руб.
 0. Пропустить / Продолжить
Ваш выбор: Бюджет: 700 000 руб.
&amp#27;[1m
———— Шасси ————&amp#27;[0m
 1. Стальное шасси              | Перфоманс: 55 | Цена: 200 000 руб.
 2. Алюминиевое шасси           | Перфоманс: 72 | Цена: 450 000 руб.
 3. Карбоновое шасси            | Перфоманс: 92 | Цена: 900 000 руб.
 0. Пропустить / Продолжить
Ваш выбор: Бюджет: 700 000 руб.
&amp#27;[1m
———— Обвесы ————&amp#27;[0m
 1. Стоковые обвесы             | Перфоманс: 50 | Цена: 80 000 руб.
 2. Обвесы BMW M5 F90           | Перфоманс: 68 | Цена: 200 000 руб.
 3. Lamborghini Avendator Aero  | Перфоманс: 85 | Цена: 450 000 руб.
 0. Пропустить / Продолжить
Ваш выбор: Бюджет: 700 000 руб.
&amp#27;[1m
———— Шины ————&amp#27;[0m
 1. Pirelli P Zero Hard         | Перфоманс: 55 | Цена: 60 000 руб.
 2. Pirelli P Zero Medium       | Перфоманс: 70 | Цена: 100 000 руб.
 3. Pirelli P Zero Soft         | Перфоманс: 85 | Цена: 140 000 руб.
 0. Пропустить / Продолжить
Ваш выбор: Бюджет: 700 000 руб.
&amp#27;[1m
———— Дополнително ————&amp#27;[0m
 1. Тонировка в круг            | Перфоманс: 15 | Цена: 20 000 руб.
 2. Блатные номера Е777КХ 77RUS | Перфоманс: 77 | Цена: 777 777 руб.
 3. Автозвук Pride Car Audio    | Перфоманс: 30 | Цена: 80 000 руб.
 0. Пропустить / Продолжить
Ваш выбор: Бюджет: 700 000 руб.
&amp#27;[1m
———— Оружие ————&amp#27;[0m
  Ур.1 — ближний и дальний бой (базовые)
  Ур.2 — улучшенное вооружение
  Ур.3 — экзотическое (несовместимо с ур.1)

Бюджет: 700 000 руб.
 1. [Ур.1] Кастет ВАЗ                  | Урон: 25 | Цена: 50 000 руб.
 2. [Ур.1] Рогатка-М                   | Урон: 20 | Цена: 40 000 руб.
 3. [Ур.2] Цепь BMW                    | Урон: 55 | Цена: 180 000 руб.
 4. [Ур.2] Пистолет Макарова           | Урон: 48 | Цена: 150 000 руб.
 5. [Ур.3] Плазменный кулак            | Урон: 95 | Цена: 600 000 руб.
 6. [Ур.3] Рельсотрон Porsche          | Урон: 90 | Цена: 550 000 руб.
 0. Пропустить / Продолжить
Ваш выбор: Покупка завершена. Компоненты добавлены в инвентарь.
]]></system-out>
  </testcase>
  <testcase name="budgetDeductedAfterPurchase" classname="ShopServiceTest" time="0.013">
    <system-out><![CDATA[&amp#27;[1m
———————— МАГАЗИН КОМПОНЕНТОВ ————————&amp#27;[0m
Ваш бюджет: 1 000 000 руб.
Выбирайте компоненты по одному. 0 — пропустить категорию.
&amp#27;[1m
———— Двигатель ————&amp#27;[0m
 1. Lada Priora 16-кл.          | Перфоманс: 60 | Цена: 300 000 руб.
 2. BMW B48 Turbo               | Перфоманс: 80 | Цена: 600 000 руб.
 3. Porsche 9A2 Evo             | Перфоманс: 95 | Цена: 1 200 000 руб.
 0. Пропустить / Продолжить
Ваш выбор: Куплено: Lada Priora 16-кл. за 300 000 руб. | Бюджет: 700 000 руб.
 1. Купить ещё один
 0. Продолжить
Ваш выбор: Бюджет: 700 000 руб.
&amp#27;[1m
———— Трансмиссия ————&amp#27;[0m
 1. МКПП ВАЗ 2115 5-ст.         | Перфоманс: 55 | Цена: 150 000 руб.
 2. АКПП BMW ZF 8HP             | Перфоманс: 75 | Цена: 300 000 руб.
 3. AMT Porsche PDK             | Перфоманс: 90 | Цена: 600 000 руб.
 0. Пропустить / Продолжить
Ваш выбор: Бюджет: 700 000 руб.
&amp#27;[1m
———— Подвеска ————&amp#27;[0m
 1. Стандартная подвеска        | Перфоманс: 50 | Цена: 100 000 руб.
 2. Спортивная подвеска         | Перфоманс: 70 | Цена: 250 000 руб.
 3. Адаптивная подвеска         | Перфоманс: 88 | Цена: 500 000 руб.
 0. Пропустить / Продолжить
Ваш выбор: Бюджет: 700 000 руб.
&amp#27;[1m
———— Шасси ————&amp#27;[0m
 1. Стальное шасси              | Перфоманс: 55 | Цена: 200 000 руб.
 2. Алюминиевое шасси           | Перфоманс: 72 | Цена: 450 000 руб.
 3. Карбоновое шасси            | Перфоманс: 92 | Цена: 900 000 руб.
 0. Пропустить / Продолжить
Ваш выбор: Бюджет: 700 000 руб.
&amp#27;[1m
———— Обвесы ————&amp#27;[0m
 1. Стоковые обвесы             | Перфоманс: 50 | Цена: 80 000 руб.
 2. Обвесы BMW M5 F90           | Перфоманс: 68 | Цена: 200 000 руб.
 3. Lamborghini Avendator Aero  | Перфоманс: 85 | Цена: 450 000 руб.
 0. Пропустить / Продолжить
Ваш выбор: Бюджет: 700 000 руб.
&amp#27;[1m
———— Шины ————&amp#27;[0m
 1. Pirelli P Zero Hard         | Перфоманс: 55 | Цена: 60 000 руб.
 2. Pirelli P Zero Medium       | Перфоманс: 70 | Цена: 100 000 руб.
 3. Pirelli P Zero Soft         | Перфоманс: 85 | Цена: 140 000 руб.
 0. Пропустить / Продолжить
Ваш выбор: Бюджет: 700 000 руб.
&amp#27;[1m
———— Дополнително ————&amp#27;[0m
 1. Тонировка в круг            | Перфоманс: 15 | Цена: 20 000 руб.
 2. Блатные номера Е777КХ 77RUS | Перфоманс: 77 | Цена: 777 777 руб.
 3. Автозвук Pride Car Audio    | Перфоманс: 30 | Цена: 80 000 руб.
 0. Пропустить / Продолжить
Ваш выбор: Бюджет: 700 000 руб.
&amp#27;[1m
———— Оружие ————&amp#27;[0m
  Ур.1 — ближний и дальний бой (базовые)
  Ур.2 — улучшенное вооружение
  Ур.3 — экзотическое (несовместимо с ур.1)

Бюджет: 700 000 руб.
 1. [Ур.1] Кастет ВАЗ                  | Урон: 25 | Цена: 50 000 руб.
 2. [Ур.1] Рогатка-М                   | Урон: 20 | Цена: 40 000 руб.
 3. [Ур.2] Цепь BMW                    | Урон: 55 | Цена: 180 000 руб.
 4. [Ур.2] Пистолет Макарова           | Урон: 48 | Цена: 150 000 руб.
 5. [Ур.3] Плазменный кулак            | Урон: 95 | Цена: 600 000 руб.
 6. [Ур.3] Рельсотрон Porsche          | Урон: 90 | Цена: 550 000 руб.
 0. Пропустить / Продолжить
Ваш выбор: Покупка завершена. Компоненты добавлены в инвентарь.
]]></system-out>
  </testcase>
  <testcase name="purchaseFailsWhenNotEnoughMoney" classname="ShopServiceTest" time="0.008">
    <system-out><![CDATA[&amp#27;[1m
———————— МАГАЗИН КОМПОНЕНТОВ ————————&amp#27;[0m
Ваш бюджет: 100 000 руб.
Выбирайте компоненты по одному. 0 — пропустить категорию.
&amp#27;[1m
———— Двигатель ————&amp#27;[0m
 1. Lada Priora 16-кл.          | Перфоманс: 60 | Цена: 300 000 руб.
 2. BMW B48 Turbo               | Перфоманс: 80 | Цена: 600 000 руб.
 3. Porsche 9A2 Evo             | Перфоманс: 95 | Цена: 1 200 000 руб.
 0. Пропустить / Продолжить
Ваш выбор: Недостаточно средств. Нужно 300 000 руб., есть 100 000 руб.
Бюджет: 100 000 руб.
&amp#27;[1m
———— Трансмиссия ————&amp#27;[0m
 1. МКПП ВАЗ 2115 5-ст.         | Перфоманс: 55 | Цена: 150 000 руб.
 2. АКПП BMW ZF 8HP             | Перфоманс: 75 | Цена: 300 000 руб.
 3. AMT Porsche PDK             | Перфоманс: 90 | Цена: 600 000 руб.
 0. Пропустить / Продолжить
Ваш выбор: Бюджет: 100 000 руб.
&amp#27;[1m
———— Подвеска ————&amp#27;[0m
 1. Стандартная подвеска        | Перфоманс: 50 | Цена: 100 000 руб.
 2. Спортивная подвеска         | Перфоманс: 70 | Цена: 250 000 руб.
 3. Адаптивная подвеска         | Перфоманс: 88 | Цена: 500 000 руб.
 0. Пропустить / Продолжить
Ваш выбор: Бюджет: 100 000 руб.
&amp#27;[1m
———— Шасси ————&amp#27;[0m
 1. Стальное шасси              | Перфоманс: 55 | Цена: 200 000 руб.
 2. Алюминиевое шасси           | Перфоманс: 72 | Цена: 450 000 руб.
 3. Карбоновое шасси            | Перфоманс: 92 | Цена: 900 000 руб.
 0. Пропустить / Продолжить
Ваш выбор: Бюджет: 100 000 руб.
&amp#27;[1m
———— Обвесы ————&amp#27;[0m
 1. Стоковые обвесы             | Перфоманс: 50 | Цена: 80 000 руб.
 2. Обвесы BMW M5 F90           | Перфоманс: 68 | Цена: 200 000 руб.
 3. Lamborghini Avendator Aero  | Перфоманс: 85 | Цена: 450 000 руб.
 0. Пропустить / Продолжить
Ваш выбор: Бюджет: 100 000 руб.
&amp#27;[1m
———— Шины ————&amp#27;[0m
 1. Pirelli P Zero Hard         | Перфоманс: 55 | Цена: 60 000 руб.
 2. Pirelli P Zero Medium       | Перфоманс: 70 | Цена: 100 000 руб.
 3. Pirelli P Zero Soft         | Перфоманс: 85 | Цена: 140 000 руб.
 0. Пропустить / Продолжить
Ваш выбор: Бюджет: 100 000 руб.
&amp#27;[1m
———— Дополнително ————&amp#27;[0m
 1. Тонировка в круг            | Перфоманс: 15 | Цена: 20 000 руб.
 2. Блатные номера Е777КХ 77RUS | Перфоманс: 77 | Цена: 777 777 руб.
 3. Автозвук Pride Car Audio    | Перфоманс: 30 | Цена: 80 000 руб.
 0. Пропустить / Продолжить
Ваш выбор: Бюджет: 100 000 руб.
&amp#27;[1m
———— Оружие ————&amp#27;[0m
  Ур.1 — ближний и дальний бой (базовые)
  Ур.2 — улучшенное вооружение
  Ур.3 — экзотическое (несовместимо с ур.1)

Бюджет: 100 000 руб.
 1. [Ур.1] Кастет ВАЗ                  | Урон: 25 | Цена: 50 000 руб.
 2. [Ур.1] Рогатка-М                   | Урон: 20 | Цена: 40 000 руб.
 3. [Ур.2] Цепь BMW                    | Урон: 55 | Цена: 180 000 руб.
 4. [Ур.2] Пистолет Макарова           | Урон: 48 | Цена: 150 000 руб.
 5. [Ур.3] Плазменный кулак            | Урон: 95 | Цена: 600 000 руб.
 6. [Ур.3] Рельсотрон Porsche          | Урон: 90 | Цена: 550 000 руб.
 0. Пропустить / Продолжить
Ваш выбор: Покупка завершена. Компоненты добавлены в инвентарь.
]]></system-out>
  </testcase>
</testsuite>