<?xml version="1.0" encoding="UTF-8"?>
<testsuite xmlns:xsi="http://www.w3.org/2001/XMLSchema-instance" xsi:noNamespaceSchemaLocation="https://maven.apache.org/surefire/maven-surefire-plugin/xsd/surefire-test-report.xsd" version="3.0.2" name="AutoSaveTest" time="0.118" tests="12" errors="1" skipped="0" failures="5">
  <properties>
[...]
</properties>
  <testcase name="scenario3_loadAfterRace_pilotsPreserved" classname="AutoSaveTest" time="0.053">
    <failure message="Пилот должен быть в загруженной команде ==&gt; expected: &lt;false&gt; but was: &lt;true&gt;" type="org.opentest4j.AssertionFailedError"><![CDATA[org.opentest4j.AssertionFailedError: Пилот должен быть в загруженной команде ==> expected: <false> but was: <true>
	at org.junit.jupiter.api.AssertionFailureBuilder.build(AssertionFailureBuilder.java:151)
	at org.junit.jupiter.api.AssertionFailureBuilder.buildAndThrow(AssertionFailureBuilder.java:132)
	at org.junit.jupiter.api.AssertFalse.failNotFalse(AssertFalse.java:63)
	at org.junit.jupiter.api.AssertFalse.assertFalse(AssertFalse.java:36)
	at org.junit.jupiter.api.Assertions.assertFalse(Assertions.java:239)
	at AutoSaveTest.scenario3_loadAfterRace_pilotsPreserved(AutoSaveTest.java:217)
	at java.base/java.lang.reflect.Method.invoke(Method.java:565)
	at java.base/java.util.ArrayList.forEach(ArrayList.java:1604)
	at java.base/java.util.ArrayList.forEach(ArrayList.java:1604)
]]></failure>
    <system-out><![CDATA[[SaveService] Автосохранение: saves/autosave_test_player/autosave.csv
]]></system-out>
  </testcase>
  <testcase name="scenario1_afterAssembly_teamBudgetInAutoSave" classname="AutoSaveTest" time="0.004">
    <system-out><![CDATA[[SaveService] Автосохранение: saves/autosave_test_player/autosave.csv
]]></system-out>
  </testcase>
  <testcase name="scenario2_afterRace_raceResultBelongsToPlayer" classname="AutoSaveTest" time="0.003">
    <error message="Index 0 out of bounds for length 0" type="java.lang.IndexOutOfBoundsException"><![CDATA[java.lang.IndexOutOfBoundsException: Index 0 out of bounds for length 0
	at java.base/jdk.internal.util.Preconditions.outOfBounds(Preconditions.java:100)
	at java.base/jdk.internal.util.Preconditions.outOfBoundsCheckIndex(Preconditions.java:106)
	at java.base/jdk.internal.util.Preconditions.checkIndex(Preconditions.java:302)
	at java.base/java.util.Objects.checkIndex(Objects.java:365)
	at java.base/java.util.ArrayList.get(ArrayList.java:428)
	at AutoSaveTest.scenario2_afterRace_raceResultBelongsToPlayer(AutoSaveTest.java:149)
	at java.base/java.lang.reflect.Method.invoke(Method.java:565)
	at java.base/java.util.ArrayList.forEach(ArrayList.java:1604)
	at java.base/java.util.ArrayList.forEach(ArrayList.java:1604)
]]></error>
    <system-out><![CDATA[[SaveService] Автосохранение: saves/autosave_test_player/autosave.csv
]]></system-out>
  </testcase>
  <testcase name="scenario3_loadAfterRace_bolidIsComplete" classname="AutoSaveTest" time="0.003">
    <system-out><![CDATA[[SaveService] Автосохранение: saves/autosave_test_player/autosave.csv
]]></system-out>
  </testcase>
  <testcase name="scenario3_loadAfterRace_historyPreserved" classname="AutoSaveTest" time="0.004">
    <failure message="История гонок должна быть на месте после загрузки ==&gt; expected: &lt;1&gt; but was: &lt;0&gt;" type="org.opentest4j.AssertionFailedError"><![CDATA[org.opentest4j.AssertionFailedError: История гонок должна быть на месте после загрузки ==> expected: <1> but was: <0>
	at org.junit.jupiter.api.AssertionFailureBuilder.build(AssertionFailureBuilder.java:151)
	at org.junit.jupiter.api.AssertionFailureBuilder.buildAndThrow(AssertionFailureBuilder.java:132)
	at org.junit.jupiter.api.AssertEquals.failNotEqual(AssertEquals.java:197)
	at org.junit.jupiter.api.AssertEquals.assertEquals(AssertEquals.java:150)
	at org.junit.jupiter.api.Assertions.assertEquals(Assertions.java:563)
	at AutoSaveTest.scenario3_loadAfterRace_historyPreserved(AutoSaveTest.java:230)
	at java.base/java.lang.reflect.Method.invoke(Method.java:565)
	at java.base/java.util.ArrayList.forEach(ArrayList.java:1604)
	at java.base/java.util.ArrayList.forEach(ArrayList.java:1604)
]]></failure>
    <system-out><![CDATA[[SaveService] Автосохранение: saves/autosave_test_player/autosave.csv
]]></system-out>
  </testcase>
  <testcase name="scenario1_afterAssembly_bolidInAutoSave" classname="AutoSaveTest" time="0.002">
    <system-out><![CDATA[[SaveService] Автосохранение: saves/autosave_test_player/autosave.csv
]]></system-out>
  </testcase>
  <testcase name="scenario2_afterRace_autoSaveContainsRaceResult" classname="AutoSaveTest" time="0.003">
    <failure message="После гонки в автосохранении должна быть 1 запись истории ==&gt; expected: &lt;1&gt; but was: &lt;0&gt;" type="org.opentest4j.AssertionFailedError"><![CDATA[org.opentest4j.AssertionFailedError: После гонки в автосохранении должна быть 1 запись истории ==> expected: <1> but was: <0>
	at org.junit.jupiter.api.AssertionFailureBuilder.build(AssertionFailureBuilder.java:151)
	at org.junit.jupiter.api.AssertionFailureBuilder.buildAndThrow(AssertionFailureBuilder.java:132)
	at org.junit.jupiter.api.AssertEquals.failNotEqual(AssertEquals.java:197)
	at org.junit.jupiter.api.AssertEquals.assertEquals(AssertEquals.java:150)
	at org.junit.jupiter.api.Assertions.assertEquals(Assertions.java:563)
	at AutoSaveTest.scenario2_afterRace_autoSaveContainsRaceResult(AutoSaveTest.java:139)
	at java.base/java.lang.reflect.Method.invoke(Method.java:565)
	at java.base/java.util.ArrayList.forEach(ArrayList.java:1604)
	at java.base/java.util.ArrayList.forEach(ArrayList.java:1604)
]]></failure>
    <system-out><![CDATA[[SaveService] Автосохранение: saves/autosave_test_player/autosave.csv
]]></system-out>
  </testcase>
  <testcase name="scenario3_loadAfterRace_teamNamePreserved" classname="AutoSaveTest" time="0.003">
    <system-out><![CDATA[[SaveService] Автосохранение: saves/autosave_test_player/autosave.csv
]]></system-out>
  </testcase>
  <testcase name="scenario1_afterAssembly_autoSaveFileExists" classname="AutoSaveTest" time="0.003">
    <system-out><![CDATA[[SaveService] Автосохранение: saves/autosave_test_player/autosave.csv
]]></system-out>
  </testcase>
  <testcase name="scenario2_afterRace_budgetUpdatedInAutoSave" classname="AutoSaveTest" time="0.003">
    <failure message="Бюджет в автосохранении должен совпадать с текущим бюджетом команды ==&gt; expected: &lt;11000000&gt; but was: &lt;10000000&gt;" type="org.opentest4j.AssertionFailedError"><![CDATA[org.opentest4j.AssertionFailedError: Бюджет в автосохранении должен совпадать с текущим бюджетом команды ==> expected: <11000000> but was: <10000000>
	at org.junit.jupiter.api.AssertionFailureBuilder.build(AssertionFailureBuilder.java:151)
	at org.junit.jupiter.api.AssertionFailureBuilder.buildAndThrow(AssertionFailureBuilder.java:132)
	at org.junit.jupiter.api.AssertEquals.failNotEqual(AssertEquals.java:197)
	at org.junit.jupiter.api.AssertEquals.assertEquals(AssertEquals.java:166)
	at org.junit.jupiter.api.Assertions.assertEquals(Assertions.java:664)
	at AutoSaveTest.scenario2_afterRace_budgetUpdatedInAutoSave(AutoSaveTest.java:173)
	at java.base/java.lang.reflect.Method.invoke(Method.java:565)
	at java.base/java.util.ArrayList.forEach(ArrayList.java:1604)
	at java.base/java.util.ArrayList.forEach(ArrayList.java:1604)
]]></failure>
    <system-out><![CDATA[[SaveService] Автосохранение: saves/autosave_test_player/autosave.csv
]]></system-out>
  </testcase>
  <testcase name="scenario2_autoSave_overwritesPreviousOnSecondRace" classname="AutoSaveTest" time="0.003">
    <failure message="После двух гонок в автосохранении должно быть 2 записи ==&gt; expected: &lt;2&gt; but was: &lt;0&gt;" type="org.opentest4j.AssertionFailedError"><![CDATA[org.opentest4j.AssertionFailedError: После двух гонок в автосохранении должно быть 2 записи ==> expected: <2> but was: <0>
	at org.junit.jupiter.api.AssertionFailureBuilder.build(AssertionFailureBuilder.java:151)
	at org.junit.jupiter.api.AssertionFailureBuilder.buildAndThrow(AssertionFailureBuilder.java:132)
	at org.junit.jupiter.api.AssertEquals.failNotEqual(AssertEquals.java:197)
	at org.junit.jupiter.api.AssertEquals.assertEquals(AssertEquals.java:150)
	at org.junit.jupiter.api.Assertions.assertEquals(Assertions.java:563)
	at AutoSaveTest.scenario2_autoSave_overwritesPreviousOnSecondRace(AutoSaveTest.java:160)
	at java.base/java.lang.reflect.Method.invoke(Method.java:565)
	at java.base/java.util.ArrayList.forEach(ArrayList.java:1604)
	at java.base/java.util.ArrayList.forEach(ArrayList.java:1604)
]]></failure>
    <system-out><![CDATA[[SaveService] Автосохранение: saves/autosave_test_player/autosave.csv
]]></system-out>
  </testcase>
  <testcase name="scenario3_toString_showsExpectedInfo" classname="AutoSaveTest" time="0.002">
    <system-out><![CDATA[[SaveService] Автосохранение: saves/autosave_test_player/autosave.csv
toString: GameSave[команда='autosave_test_player', гонок=0, сохранено=10-04-2026_14-00-04]
]]></system-out>
  </testcase>
</testsuite>