<?xml version="1.0" encoding="UTF-8"?>
<testsuite xmlns:xsi="http://www.w3.org/2001/XMLSchema-instance" xsi:noNamespaceSchemaLocation="https://maven.apache.org/surefire/maven-surefire-plugin/xsd/surefire-test-report.xsd" version="3.0.2" name="BotTest" time="0.019" tests="5" errors="0" skipped="0" failures="0">
  <properties>
[...]
</properties>
  <testcase name="botNamesAreUnique" classname="BotTest" time="0.003"/>
  <testcase name="eachBotHasNonEmptyName" classname="BotTest" time="0.003"/>
  <testcase name="eachBotHasPositiveTime" classname="BotTest" time="0.002"/>
  <testcase name="botsAreNotMarkedAsPlayer" classname="BotTest" time="0.002"/>
  <testcase name="generateReturnsCorrectNumberOfBots" classname="BotTest" time="0.001"/>
</testsuite>